This is pdfTeX, Version 3.1415926-2.5-1.40.14 (TeX Live 2013) (format=pdflatex 2013.5.30)  11 JUN 2014 23:31
entering extended mode
 restricted \write18 enabled.
 %&-line parsing enabled.
**icer27-glassman.tex
(./icer27-glassman.tex
LaTeX2e <2011/06/27>
Babel <3.9f> and hyphenation patterns for 78 languages loaded.
(/usr/local/texlive/2013/texmf-dist/tex/latex/base/article.cls
Document Class: article 2007/10/19 v1.4h Standard LaTeX document class
(/usr/local/texlive/2013/texmf-dist/tex/latex/base/size12.clo
File: size12.clo 2007/10/19 v1.4h Standard LaTeX file (size option)
)
\c@part=\count79
\c@section=\count80
\c@subsection=\count81
\c@subsubsection=\count82
\c@paragraph=\count83
\c@subparagraph=\count84
\c@figure=\count85
\c@table=\count86
\abovecaptionskip=\skip41
\belowcaptionskip=\skip42
\bibindent=\dimen102
)
(/usr/local/texlive/2013/texmf-dist/tex/latex/graphics/graphicx.sty
Package: graphicx 1999/02/16 v1.0f Enhanced LaTeX Graphics (DPC,SPQR)

(/usr/local/texlive/2013/texmf-dist/tex/latex/graphics/keyval.sty
Package: keyval 1999/03/16 v1.13 key=value parser (DPC)
\KV@toks@=\toks14
)
(/usr/local/texlive/2013/texmf-dist/tex/latex/graphics/graphics.sty
Package: graphics 2009/02/05 v1.0o Standard LaTeX Graphics (DPC,SPQR)

(/usr/local/texlive/2013/texmf-dist/tex/latex/graphics/trig.sty
Package: trig 1999/03/16 v1.09 sin cos tan (DPC)
)
(/usr/local/texlive/2013/texmf-dist/tex/latex/latexconfig/graphics.cfg
File: graphics.cfg 2010/04/23 v1.9 graphics configuration of TeX Live
)
Package graphics Info: Driver file: pdftex.def on input line 91.

(/usr/local/texlive/2013/texmf-dist/tex/latex/pdftex-def/pdftex.def
File: pdftex.def 2011/05/27 v0.06d Graphics/color for pdfTeX

(/usr/local/texlive/2013/texmf-dist/tex/generic/oberdiek/infwarerr.sty
Package: infwarerr 2010/04/08 v1.3 Providing info/warning/error messages (HO)
)
(/usr/local/texlive/2013/texmf-dist/tex/generic/oberdiek/ltxcmds.sty
Package: ltxcmds 2011/11/09 v1.22 LaTeX kernel commands for general use (HO)
)
\Gread@gobject=\count87
))
\Gin@req@height=\dimen103
\Gin@req@width=\dimen104
)
(/usr/local/texlive/2013/texmf-dist/tex/latex/base/fontenc.sty
Package: fontenc 2005/09/27 v1.99g Standard LaTeX package

(/usr/local/texlive/2013/texmf-dist/tex/latex/base/t1enc.def
File: t1enc.def 2005/09/27 v1.99g Standard LaTeX file
LaTeX Font Info:    Redeclaring font encoding T1 on input line 43.
))
(/usr/local/texlive/2013/texmf-dist/tex/latex/datetime/datetime.sty
Package: datetime 2010/09/21 v2.58 Date Time Package

(/usr/local/texlive/2013/texmf-dist/tex/latex/fmtcount/fmtcount.sty
Package: fmtcount 2012/10/24 v2.02

(/usr/local/texlive/2013/texmf-dist/tex/latex/base/ifthen.sty
Package: ifthen 2001/05/26 v1.1c Standard LaTeX ifthen package (DPC)
)
(/usr/local/texlive/2013/texmf-dist/tex/latex/etoolbox/etoolbox.sty
Package: etoolbox 2011/01/03 v2.1 e-TeX tools for LaTeX

(/usr/local/texlive/2013/texmf-dist/tex/latex/etex-pkg/etex.sty
Package: etex 1998/03/26 v2.0 eTeX basic definition package (PEB)
\et@xins=\count88
)
\etb@tempcnta=\count89
)
(/usr/local/texlive/2013/texmf-dist/tex/latex/fmtcount/fcprefix.sty
Package: fcprefix 2012/09/28

(/usr/local/texlive/2013/texmf-dist/tex/latex/fmtcount/fcnumparser.sty
Package: fcnumparser 2012/09/28
\fc@digit@counter=\count90
))
(/usr/local/texlive/2013/texmf-dist/tex/latex/amsmath/amsgen.sty
File: amsgen.sty 1999/11/30 v2.0
\@emptytoks=\toks15
\ex@=\dimen105
)
\c@padzeroesN=\count91
\fc@tmpcatcode=\count92
\@DT@modctr=\count93
\@ordinalctr=\count94
\@orgargctr=\count95
\@strctr=\count96
\@tmpstrctr=\count97
\@DT@loopN=\count98
\@DT@X=\count99

(/usr/local/texlive/2013/texmf-dist/tex/latex/fmtcount/fc-english.def
File: fc-english.def 2012/06/18
))
\@day=\count100
\@month=\count101
\@year=\count102
\c@HOUR=\count103
\c@HOURXII=\count104
\c@MINUTE=\count105
\c@TOHOUR=\count106
\c@TOMINUTE=\count107
\c@SECOND=\count108
\currenthour=\count109
\currentminute=\count110
\currentsecond=\count111
Package datetime Info: No datetime.cfg file found, using default settings on in
put line 292.
\@dtctr=\count112
\dayofyear=\count113
\dayofweek=\count114
LaTeX Info: Redefining \today on input line 724.
\dt@a=\toks16
\dt@b=\toks17
)
(/usr/local/texlive/2013/texmf-dist/tex/latex/url/url.sty
\Urlmuskip=\muskip10
Package: url 2006/04/12  ver 3.3  Verb mode for urls, etc.
)
(/usr/local/texlive/2013/texmf-dist/tex/latex/graphics/color.sty
Package: color 2005/11/14 v1.0j Standard LaTeX Color (DPC)

(/usr/local/texlive/2013/texmf-dist/tex/latex/latexconfig/color.cfg
File: color.cfg 2007/01/18 v1.5 color configuration of teTeX/TeXLive
)
Package color Info: Driver file: pdftex.def on input line 130.
)
(/usr/local/texlive/2013/texmf-dist/tex/latex/preprint/balance.sty
Package: balance 1999/02/23 4.3 (PWD)
\oldvsize=\dimen106
)
(/usr/local/texlive/2013/texmf-dist/tex/latex/oberdiek/epstopdf.sty
Package: epstopdf 2010/02/09 v2.5 Conversion with epstopdf on the fly (HO)

(/usr/local/texlive/2013/texmf-dist/tex/latex/oberdiek/epstopdf-base.sty
Package: epstopdf-base 2010/02/09 v2.5 Base part for package epstopdf

(/usr/local/texlive/2013/texmf-dist/tex/latex/oberdiek/grfext.sty
Package: grfext 2010/08/19 v1.1 Manage graphics extensions (HO)

(/usr/local/texlive/2013/texmf-dist/tex/generic/oberdiek/kvdefinekeys.sty
Package: kvdefinekeys 2011/04/07 v1.3 Define keys (HO)
))
(/usr/local/texlive/2013/texmf-dist/tex/latex/oberdiek/kvoptions.sty
Package: kvoptions 2011/06/30 v3.11 Key value format for package options (HO)

(/usr/local/texlive/2013/texmf-dist/tex/generic/oberdiek/kvsetkeys.sty
Package: kvsetkeys 2012/04/25 v1.16 Key value parser (HO)

(/usr/local/texlive/2013/texmf-dist/tex/generic/oberdiek/etexcmds.sty
Package: etexcmds 2011/02/16 v1.5 Avoid name clashes with e-TeX commands (HO)

(/usr/local/texlive/2013/texmf-dist/tex/generic/oberdiek/ifluatex.sty
Package: ifluatex 2010/03/01 v1.3 Provides the ifluatex switch (HO)
Package ifluatex Info: LuaTeX not detected.
)
Package etexcmds Info: Could not find \expanded.
(etexcmds)             That can mean that you are not using pdfTeX 1.50 or
(etexcmds)             that some package has redefined \expanded.
(etexcmds)             In the latter case, load this package earlier.
)))
(/usr/local/texlive/2013/texmf-dist/tex/generic/oberdiek/pdftexcmds.sty
Package: pdftexcmds 2011/11/29 v0.20 Utility functions of pdfTeX for LuaTeX (HO
)

(/usr/local/texlive/2013/texmf-dist/tex/generic/oberdiek/ifpdf.sty
Package: ifpdf 2011/01/30 v2.3 Provides the ifpdf switch (HO)
Package ifpdf Info: pdfTeX in PDF mode is detected.
)
Package pdftexcmds Info: LuaTeX not detected.
Package pdftexcmds Info: \pdf@primitive is available.
Package pdftexcmds Info: \pdf@ifprimitive is available.
Package pdftexcmds Info: \pdfdraftmode found.
)
Package grfext Info: Graphics extension search list:
(grfext)             [.png,.pdf,.jpg,.mps,.jpeg,.jbig2,.jb2,.PNG,.PDF,.JPG,.JPE
G,.JBIG2,.JB2,.eps]
(grfext)             \AppendGraphicsExtensions on input line 452.

(/usr/local/texlive/2013/texmf-dist/tex/latex/latexconfig/epstopdf-sys.cfg
File: epstopdf-sys.cfg 2010/07/13 v1.3 Configuration of (r)epstopdf for TeX Liv
e
)))
(/usr/local/texlive/2013/texmf-dist/tex/latex/caption/subcaption.sty
Package: subcaption 2013/02/03 v1.1-62 Sub-captions (AR)

(/usr/local/texlive/2013/texmf-dist/tex/latex/caption/caption.sty
Package: caption 2013/05/02 v3.3-89 Customizing captions (AR)

(/usr/local/texlive/2013/texmf-dist/tex/latex/caption/caption3.sty
Package: caption3 2013/05/02 v1.6-88 caption3 kernel (AR)
Package caption3 Info: TeX engine: e-TeX on input line 57.
\captionmargin=\dimen107
\captionmargin@=\dimen108
\captionwidth=\dimen109
\caption@tempdima=\dimen110
\caption@indent=\dimen111
\caption@parindent=\dimen112
\caption@hangindent=\dimen113
)
\c@ContinuedFloat=\count115
)
\c@subfigure=\count116
\c@subtable=\count117
)
(/usr/local/texlive/2013/texmf-dist/tex/latex/listings/listings.sty
\lst@mode=\count118
\lst@gtempboxa=\box26
\lst@token=\toks18
\lst@length=\count119
\lst@currlwidth=\dimen114
\lst@column=\count120
\lst@pos=\count121
\lst@lostspace=\dimen115
\lst@width=\dimen116
\lst@newlines=\count122
\lst@lineno=\count123
\lst@maxwidth=\dimen117

(/usr/local/texlive/2013/texmf-dist/tex/latex/listings/lstmisc.sty
File: lstmisc.sty 2007/02/22 1.4 (Carsten Heinz)
\c@lstnumber=\count124
\lst@skipnumbers=\count125
\lst@framebox=\box27
)
(/usr/local/texlive/2013/texmf-dist/tex/latex/listings/listings.cfg
File: listings.cfg 2007/02/22 1.4 listings configuration
))
Package: listings 2007/02/22 1.4 (Carsten Heinz)

(/usr/local/texlive/2013/texmf-dist/tex/latex/base/fontenc.sty
Package: fontenc 2005/09/27 v1.99g Standard LaTeX package

(/usr/local/texlive/2013/texmf-dist/tex/latex/base/t1enc.def
File: t1enc.def 2005/09/27 v1.99g Standard LaTeX file
LaTeX Font Info:    Redeclaring font encoding T1 on input line 43.
))
(/usr/local/texlive/2013/texmf-dist/tex/latex/bera/beramono.sty
Package: beramono 2004/01/31 (WaS)
)
(/usr/local/texlive/2013/texmf-dist/tex/latex/comment/comment.sty
\CommentStream=\write3

Excluding comment 'comment')
No file icer27-glassman.aux.
\openout1 = `icer27-glassman.aux'.

LaTeX Font Info:    Checking defaults for OML/cmm/m/it on input line 77.
LaTeX Font Info:    ... okay on input line 77.
LaTeX Font Info:    Checking defaults for T1/cmr/m/n on input line 77.
LaTeX Font Info:    ... okay on input line 77.
LaTeX Font Info:    Checking defaults for OT1/cmr/m/n on input line 77.
LaTeX Font Info:    ... okay on input line 77.
LaTeX Font Info:    Checking defaults for OMS/cmsy/m/n on input line 77.
LaTeX Font Info:    ... okay on input line 77.
LaTeX Font Info:    Checking defaults for OMX/cmex/m/n on input line 77.
LaTeX Font Info:    ... okay on input line 77.
LaTeX Font Info:    Checking defaults for U/cmr/m/n on input line 77.
LaTeX Font Info:    ... okay on input line 77.
(/usr/local/texlive/2013/texmf-dist/tex/context/base/supp-pdf.mkii
[Loading MPS to PDF converter (version 2006.09.02).]
\scratchcounter=\count126
\scratchdimen=\dimen118
\scratchbox=\box28
\nofMPsegments=\count127
\nofMParguments=\count128
\everyMPshowfont=\toks19
\MPscratchCnt=\count129
\MPscratchDim=\dimen119
\MPnumerator=\count130
\makeMPintoPDFobject=\count131
\everyMPtoPDFconversion=\toks20
)
Package caption Info: Begin \AtBeginDocument code.
Package caption Info: listings package is loaded.
Package caption Info: End \AtBeginDocument code.
\c@lstlisting=\count132
LaTeX Font Info:    External font `cmex10' loaded for size
(Font)              <14.4> on input line 86.
LaTeX Font Info:    External font `cmex10' loaded for size
(Font)              <7> on input line 86.
 [1

{/usr/local/texlive/2013/texmf-var/fonts/map/pdftex/updmap/pdftex.map}]
LaTeX Font Info:    Try loading font information for OMS+cmr on input line 150.


(/usr/local/texlive/2013/texmf-dist/tex/latex/base/omscmr.fd
File: omscmr.fd 1999/05/25 v2.5h Standard LaTeX font definitions
)
LaTeX Font Info:    Font shape `OMS/cmr/m/n' in size <12> not available
(Font)              Font shape `OMS/cmsy/m/n' tried instead on input line 150.
 [2]

LaTeX Warning: Citation `Marton13' on page 3 undefined on input line 159.


LaTeX Warning: Citation `peerReview98' on page 3 undefined on input line 161.


LaTeX Warning: Citation `Star07' on page 3 undefined on input line 161.


LaTeX Warning: Citation `loewenstein2003analogical' on page 3 undefined on inpu
t line 161.


LaTeX Warning: Citation `kurtz01learning' on page 3 undefined on input line 161
.


LaTeX Warning: Citation `telling' on page 3 undefined on input line 161.


LaTeX Warning: Citation `Suhonen08' on page 3 undefined on input line 161.


LaTeX Warning: Citation `PatitsasICER13' on page 3 undefined on input line 161.



LaTeX Warning: Citation `Luxton13' on page 3 undefined on input line 163.


LaTeX Warning: Citation `Luxton13' on page 3 undefined on input line 165.

[3]

LaTeX Warning: Citation `aggarwalprinciples' on page 4 undefined on input line 
173.


LaTeX Warning: Citation `Luxton13' on page 4 undefined on input line 181.


LaTeX Warning: Citation `thematic06' on page 4 undefined on input line 181.

[4]

LaTeX Warning: Citation `Luxton13' on page 5 undefined on input line 183.

! Text line contains an invalid character.
l.183 ...ntroductory Java programming exercises^^@
                                                  . By thematic analysis of ...

? 

LaTeX Warning: Citation `Luxton13' on page 5 undefined on input line 187.


LaTeX Warning: Citation `MOOCshop' on page 5 undefined on input line 195.


LaTeX Warning: Citation `shasha1994exact' on page 5 undefined on input line 195
.

[5]

LaTeX Warning: Citation `taherkhani13' on page 6 undefined on input line 199.


LaTeX Warning: Citation `taherkhani13' on page 6 undefined on input line 199.


LaTeX Warning: Citation `tiarks2011extended' on page 6 undefined on input line 
203.


LaTeX Warning: Citation `taherkhani12' on page 6 undefined on input line 203.


LaTeX Warning: Citation `taherkhani13' on page 6 undefined on input line 203.


LaTeX Warning: Citation `schleimer2003winnowing' on page 6 undefined on input l
ine 205.

LaTeX Font Info:    External font `cmex10' loaded for size
(Font)              <12> on input line 205.
LaTeX Font Info:    External font `cmex10' loaded for size
(Font)              <8> on input line 205.
LaTeX Font Info:    External font `cmex10' loaded for size
(Font)              <6> on input line 205.
[6]

LaTeX Warning: Citation `stonebraker2013data' on page 7 undefined on input line
 228.


LaTeX Warning: Citation `JWiensNIPS' on page 7 undefined on input line 228.


LaTeX Warning: Citation `basupowergrading' on page 7 undefined on input line 22
8.


LaTeX Warning: Citation `Piech' on page 7 undefined on input line 234.


LaTeX Warning: Citation `sudol12' on page 7 undefined on input line 236.

[7]

LaTeX Warning: Citation `Kiesmueller' on page 8 undefined on input line 240.


LaTeX Warning: Citation `ICERHelminen' on page 8 undefined on input line 240.


LaTeX Warning: Citation `WeldHcomp12' on page 8 undefined on input line 280.


LaTeX Warning: Citation `Klemmer' on page 8 undefined on input line 280.


LaTeX Warning: Citation `rishabh' on page 8 undefined on input line 282.

[8]

LaTeX Warning: Citation `Luxton13' on page 9 undefined on input line 284.


LaTeX Warning: Citation `MOOCshop' on page 9 undefined on input line 284.


LaTeX Warning: Citation `basupowergrading' on page 9 undefined on input line 28
4.


LaTeX Warning: Citation `basupowergrading' on page 9 undefined on input line 28
4.

[9]

LaTeX Warning: Reference `table-edx-probs' on page 10 undefined on input line 3
32.

[10]
LaTeX Font Info:    Try loading font information for T1+fvm on input line 338.
 (/usr/local/texlive/2013/texmf-dist/tex/latex/bera/t1fvm.fd
File: t1fvm.fd 2004/09/07 scalable font definitions for T1/fvm.
)
LaTeX Font Info:    Font shape `T1/fvm/m/n' will be
(Font)              scaled to size 9.60004pt on input line 338.


LaTeX Warning: Citation `thematic06' on page 11 undefined on input line 348.

[11] [12]

LaTeX Warning: Reference `nedfig1' on page 13 undefined on input line 372.


LaTeX Warning: Reference `nedfig2' on page 13 undefined on input line 372.


LaTeX Warning: Reference `nedfig1' on page 13 undefined on input line 376.


LaTeX Warning: Reference `nedfig2' on page 13 undefined on input line 378.

<nedfig1.png, id=55, 633.11531pt x 227.34938pt>
File: nedfig1.png Graphic file (type png)
 <use nedfig1.png>
Package pdftex.def Info: nedfig1.png used on input line 385.
(pdftex.def)             Requested size: 411.52007pt x 147.77533pt.

Overfull \hbox (21.52007pt too wide) in paragraph at lines 385--386
 [][] 
 []

<nedfig2.png, id=56, 633.11531pt x 230.36063pt>
File: nedfig2.png Graphic file (type png)
 <use nedfig2.png>
Package pdftex.def Info: nedfig2.png used on input line 391.
(pdftex.def)             Requested size: 411.52007pt x 149.73262pt.

Overfull \hbox (21.52007pt too wide) in paragraph at lines 391--392
 [][] 
 []

[13] [14 <./nedfig1.png> <./nedfig2.png>]

LaTeX Warning: Reference `turingFig' on page 15 undefined on input line 409.


LaTeX Warning: Reference `tapeMoveA' on page 15 undefined on input line 409.


LaTeX Warning: Reference `tapeMoveB' on page 15 undefined on input line 409.

<ICERtapeLocations.png, id=64, 1102.1175pt x 279.0425pt>
File: ICERtapeLocations.png Graphic file (type png)

<use ICERtapeLocations.png>
Package pdftex.def Info: ICERtapeLocations.png used on input line 419.
(pdftex.def)             Requested size: 398.33858pt x 100.85545pt.

Overfull \hbox (8.33858pt too wide) in paragraph at lines 419--420
 [][] 
 []


<tmvisualization_InnerParensMatched_allkidsAnno2.png, id=66, 1572.87625pt x 828
.09375pt>
File: tmvisualization_InnerParensMatched_allkidsAnno2.png Graphic file (type pn
g)
 <use tmvisualization_InnerParensMatched_allkidsAnno2.png>
Package pdftex.def Info: tmvisualization_InnerParensMatched_allkidsAnno2.png us
ed on input line 426.
(pdftex.def)             Requested size: 331.50238pt x 174.52397pt.

<tmvisualization_NtoNParensMatched_allkidsAnno2.png, id=67, 1656.1875pt x 890.3
2625pt>
File: tmvisualization_NtoNParensMatched_allkidsAnno2.png Graphic file (type png
)
 <use tmvisualization_NtoNParensMatched_allkidsAnno2.png>
Package pdftex.def Info: tmvisualization_NtoNParensMatched_allkidsAnno2.png use
d on input line 434.
(pdftex.def)             Requested size: 331.50238pt x 178.19794pt.


LaTeX Warning: Reference `tapeMoveA' on page 15 undefined on input line 442.


LaTeX Warning: Reference `tapeMoveB' on page 15 undefined on input line 442.


LaTeX Warning: Reference `tapeLocations' on page 15 undefined on input line 442
.


LaTeX Warning: Reference `tapeMoveA' on page 15 undefined on input line 442.


LaTeX Warning: Reference `tapeMoveB' on page 15 undefined on input line 442.


LaTeX Warning: Reference `tapeLocations' on page 15 undefined on input line 442
.


LaTeX Warning: Float too large for page by 101.87735pt on input line 444.

[15] [16 <./ICERtapeLocations.png> <./tmvisualization_InnerParensMatched_allkid
sAnno2.png> <./tmvisualization_NtoNParensMatched_allkidsAnno2.png>]

LaTeX Warning: Reference `allFullAdders' on page 17 undefined on input line 450
.


LaTeX Warning: Reference `4bitAdders' on page 17 undefined on input line 452.

<fullAdderAndTruthTable.png, id=76, 310.15875pt x 165.61874pt>
File: fullAdderAndTruthTable.png Graphic file (type png)

<use fullAdderAndTruthTable.png>
Package pdftex.def Info: fullAdderAndTruthTable.png used on input line 461.
(pdftex.def)             Requested size: 139.57014pt x 74.52774pt.

<chainedFullAdders.png, id=77, 574.145pt x 198.7425pt>
File: chainedFullAdders.png Graphic file (type png)

<use chainedFullAdders.png>
Package pdftex.def Info: chainedFullAdders.png used on input line 467.
(pdftex.def)             Requested size: 258.36285pt x 89.43329pt.

<histOfTotalCircuitSizeLab2.png, id=78, 562.1pt x 421.575pt>
File: histOfTotalCircuitSizeLab2.png Graphic file (type png)

<use histOfTotalCircuitSizeLab2.png>
Package pdftex.def Info: histOfTotalCircuitSizeLab2.png used on input line 491.

(pdftex.def)             Requested size: 449.68062pt x 337.26045pt.

Overfull \hbox (59.68062pt too wide) in paragraph at lines 491--492
 [][] 
 []

[17] [18 <./fullAdderAndTruthTable.png> <./chainedFullAdders.png>] [19 <./histO
fTotalCircuitSizeLab2.png (PNG copy)>]

LaTeX Warning: Citation `JWiensNIPS' on page 20 undefined on input line 504.


LaTeX Warning: Citation `MOOCshop' on page 20 undefined on input line 516.

[20]

LaTeX Warning: Citation `rishabh' on page 21 undefined on input line 526.

[21] [22] [23]
No file icer27-glassman.bbl.
[24] (./icer27-glassman.aux)

LaTeX Warning: There were undefined references.


LaTeX Warning: Label(s) may have changed. Rerun to get cross-references right.

 ) 
Here is how much of TeX's memory you used:
 5346 strings out of 493315
 80013 string characters out of 6137904
 151381 words of memory out of 5000000
 8697 multiletter control sequences out of 15000+600000
 20351 words of font info for 42 fonts, out of 8000000 for 9000
 957 hyphenation exceptions out of 8191
 42i,9n,40p,1463b,441s stack positions out of 5000i,500n,10000p,200000b,80000s
{/usr/local/texlive/2013/texmf-dist/fonts/enc/dvips/base/8r.enc}{/usr/local/t
exlive/2013/texmf-dist/fonts/enc/dvips/cm-super/cm-super-t1.enc}</usr/local/tex
live/2013/texmf-dist/fonts/type1/public/amsfonts/cm/cmmi12.pfb></usr/local/texl
ive/2013/texmf-dist/fonts/type1/public/amsfonts/cm/cmmi8.pfb></usr/local/texliv
e/2013/texmf-dist/fonts/type1/public/amsfonts/cm/cmr12.pfb></usr/local/texlive/
2013/texmf-dist/fonts/type1/public/amsfonts/cm/cmsy10.pfb></usr/local/texlive/2
013/texmf-dist/fonts/type1/public/bera/fvmr8a.pfb></usr/local/texlive/2013/texm
f-dist/fonts/type1/public/cm-super/sfbx1095.pfb></usr/local/texlive/2013/texmf-
dist/fonts/type1/public/cm-super/sfbx1200.pfb></usr/local/texlive/2013/texmf-di
st/fonts/type1/public/cm-super/sfbx1440.pfb></usr/local/texlive/2013/texmf-dist
/fonts/type1/public/cm-super/sfbx1728.pfb></usr/local/texlive/2013/texmf-dist/f
onts/type1/public/cm-super/sfrm1000.pfb></usr/local/texlive/2013/texmf-dist/fon
ts/type1/public/cm-super/sfrm1095.pfb></usr/local/texlive/2013/texmf-dist/fonts
/type1/public/cm-super/sfrm1200.pfb></usr/local/texlive/2013/texmf-dist/fonts/t
ype1/public/cm-super/sfrm1440.pfb></usr/local/texlive/2013/texmf-dist/fonts/typ
e1/public/cm-super/sfrm2074.pfb></usr/local/texlive/2013/texmf-dist/fonts/type1
/public/cm-super/sfti1200.pfb></usr/local/texlive/2013/texmf-dist/fonts/type1/p
ublic/cm-super/sfti1440.pfb>
Output written on icer27-glassman.pdf (24 pages, 663574 bytes).
PDF statistics:
 158 PDF objects out of 1000 (max. 8388607)
 105 compressed objects within 2 object streams
 0 named destinations out of 1000 (max. 500000)
 41 words of extra memory for PDF output out of 10000 (max. 10000000)

