\BOOKMARK [1][-]{section*.4}{Introduction}{}% 1
\BOOKMARK [1][-]{section*.5}{Page Size and Columns}{}% 2
\BOOKMARK [1][-]{section*.6}{Typeset Text}{}% 3
\BOOKMARK [2][-]{section*.7}{Title and Authors}{section*.6}% 4
\BOOKMARK [2][-]{section*.8}{Abstract and Keywords}{section*.6}% 5
\BOOKMARK [2][-]{section*.9}{Normal or Body Text}{section*.6}% 6
\BOOKMARK [2][-]{section*.10}{First Page Copyright Notice}{section*.6}% 7
\BOOKMARK [2][-]{section*.11}{Subsequent Pages}{section*.6}% 8
\BOOKMARK [2][-]{section*.12}{References and Citations}{section*.6}% 9
\BOOKMARK [1][-]{section*.13}{Sections}{}% 10
\BOOKMARK [2][-]{section*.14}{Subsections}{section*.13}% 11
\BOOKMARK [3][-]{section*.15}{Sub-subsections}{section*.14}% 12
\BOOKMARK [1][-]{section*.16}{Figures/Captions}{}% 13
\BOOKMARK [1][-]{section*.17}{Language, Style and Content}{}% 14
\BOOKMARK [1][-]{section*.18}{Accessibility}{}% 15
\BOOKMARK [1][-]{section*.19}{Page Numbering, Headers and Footers}{}% 16
\BOOKMARK [1][-]{section*.20}{Dear Beta: Optimization Edition}{}% 17
\BOOKMARK [2][-]{section*.21}{Description}{section*.20}% 18
\BOOKMARK [2][-]{section*.22}{Design Challenges}{section*.20}% 19
\BOOKMARK [1][-]{section*.23}{Future Work}{}% 20
\BOOKMARK [1][-]{section*.24}{Acknowledgments}{}% 21
\BOOKMARK [1][-]{section*.25}{References format}{}% 22
\BOOKMARK [1][-]{section*.26}{REFERENCES }{}% 23
